<?xml version="1.0" encoding="UTF-8"?>
<!-- Generated by org.testng.reporters.JUnitReportReporter -->
<testsuite skipped="0" hostname="ThinkPadE460" name="cases.RadioButtonCase" tests="4" failures="0" timestamp="23 Oct 2017 13:25:08 GMT" time="3.118" errors="0">
  <testcase name="radioDefault" time="0.323" classname="cases.RadioButtonCase"/>
  <testcase name="radioChoiceC" time="1.513" classname="cases.RadioButtonCase"/>
  <testcase name="radioChoiceB" time="0.585" classname="cases.RadioButtonCase"/>
  <testcase name="radioChoiceA" time="0.697" classname="cases.RadioButtonCase"/>
</testsuite> <!-- cases.RadioButtonCase -->
