<?xml version="1.0" encoding="UTF-8"?>
<!-- Generated by org.testng.reporters.JUnitReportReporter -->
<testsuite skipped="0" hostname="linux-ThinkPad-E460" name="cases.DropDownCase" tests="8" failures="0" timestamp="13 Jul 2018 21:17:03 GMT" time="2.952" errors="0">
  <testcase name="dropDownOnion" time="0.299" classname="cases.DropDownCase"/>
  <testcase name="dropDownTomato" time="0.628" classname="cases.DropDownCase"/>
  <testcase name="dropDownMustard" time="0.302" classname="cases.DropDownCase"/>
  <testcase name="dropDownTomato" time="0.291" classname="cases.DropDownCase"/>
  <testcase name="dropDownDefault" time="0.244" classname="cases.DropDownCase"/>
  <testcase name="dropDownMustard" time="0.321" classname="cases.DropDownCase"/>
  <testcase name="dropDownDefault" time="0.353" classname="cases.DropDownCase"/>
  <testcase name="dropDownOnion" time="0.514" classname="cases.DropDownCase"/>
</testsuite> <!-- cases.DropDownCase -->
