<?xml version="1.0" encoding="UTF-8"?>
<!-- Generated by org.testng.reporters.JUnitReportReporter -->
<testsuite skipped="0" hostname="linux-ThinkPad-E460" name="cases.TextAreaCase" tests="2" failures="0" timestamp="25 Jul 2018 03:46:55 GMT" time="1.474" errors="0">
  <testcase name="textAreaLongString" time="0.664" classname="cases.TextAreaCase"/>
  <testcase name="textAreaWithEnter" time="0.810" classname="cases.TextAreaCase"/>
</testsuite> <!-- cases.TextAreaCase -->
