<?xml version="1.0" encoding="UTF-8"?>
<!-- Generated by org.testng.reporters.JUnitReportReporter -->
<testsuite skipped="0" hostname="ThinkPadE460" name="cases.checkBoxCase" tests="5" failures="0" timestamp="04 Oct 2017 20:27:37 GMT" time="5.012" errors="0">
  <testcase name="checkBoxNone" time="0.485" classname="cases.checkBoxCase"/>
  <testcase name="checkBoxOneThree" time="1.093" classname="cases.checkBoxCase"/>
  <testcase name="checkBoxAll" time="1.204" classname="cases.checkBoxCase"/>
  <testcase name="checkBoxOneTwo" time="1.154" classname="cases.checkBoxCase"/>
  <testcase name="checkBoxTwoThree" time="1.076" classname="cases.checkBoxCase"/>
</testsuite> <!-- cases.checkBoxCase -->
