<?xml version="1.0" encoding="UTF-8"?>
<!-- Generated by org.testng.reporters.JUnitReportReporter -->
<testsuite skipped="0" hostname="ThinkPadE460" name="cases.textFieldCase" tests="1" failures="0" timestamp="03 Oct 2017 11:54:37 GMT" time="2.092" errors="0">
  <testcase name="testTextField" time="2.092" classname="cases.textFieldCase"/>
</testsuite> <!-- cases.textFieldCase -->
