<?xml version="1.0" encoding="UTF-8"?>
<!-- Generated by org.testng.reporters.JUnitReportReporter -->
<testsuite skipped="6" hostname="linux-ThinkPad-E460" name="cases.CheckBoxCase" tests="6" failures="0" timestamp="21 Aug 2018 20:05:26 GMT" time="0.000" errors="0">
  <testcase name="checkBoxOneTwo" time="0.000" classname="cases.CheckBoxCase">
    <skipped/>
  </testcase> <!-- checkBoxOneTwo -->
  <testcase name="checkBoxAll" time="0.000" classname="cases.CheckBoxCase">
    <skipped/>
  </testcase> <!-- checkBoxAll -->
  <testcase name="checkBoxTwoThree" time="0.000" classname="cases.CheckBoxCase">
    <skipped/>
  </testcase> <!-- checkBoxTwoThree -->
  <testcase name="checkBoxOneThree" time="0.000" classname="cases.CheckBoxCase">
    <skipped/>
  </testcase> <!-- checkBoxOneThree -->
  <testcase name="checkBoxNone" time="0.000" classname="cases.CheckBoxCase">
    <skipped/>
  </testcase> <!-- checkBoxNone -->
  <testcase name="intentionalFailcheckBox" time="0.000" classname="cases.CheckBoxCase">
    <skipped/>
  </testcase> <!-- intentionalFailcheckBox -->
</testsuite> <!-- cases.CheckBoxCase -->
