<?xml version="1.0" encoding="UTF-8"?>
<!-- Generated by org.testng.reporters.JUnitReportReporter -->
<testsuite skipped="0" hostname="linux-ThinkPad-E460" name="cases.TextAreaCase" tests="4" failures="0" timestamp="05 Aug 2018 18:40:37 GMT" time="2.785" errors="0">
  <testcase name="textAreaWithEnter" time="0.806" classname="cases.TextAreaCase"/>
  <testcase name="textAreaLongString" time="0.612" classname="cases.TextAreaCase"/>
  <testcase name="textAreaWithEnter" time="0.703" classname="cases.TextAreaCase"/>
  <testcase name="textAreaLongString" time="0.664" classname="cases.TextAreaCase"/>
</testsuite> <!-- cases.TextAreaCase -->
