<?xml version="1.0" encoding="UTF-8"?>
<!-- Generated by org.testng.reporters.JUnitReportReporter -->
<testsuite skipped="0" hostname="linux-ThinkPad-E460" name="cases.DropDownCase" tests="4" failures="0" timestamp="17 May 2018 22:25:17 GMT" time="1.334" errors="0">
  <testcase name="dropDownMustard" time="0.186" classname="cases.DropDownCase"/>
  <testcase name="dropDownDefault" time="0.183" classname="cases.DropDownCase"/>
  <testcase name="dropDownTomato" time="0.493" classname="cases.DropDownCase"/>
  <testcase name="dropDownOnion" time="0.472" classname="cases.DropDownCase"/>
</testsuite> <!-- cases.DropDownCase -->
