<?xml version="1.0" encoding="UTF-8"?>
<!-- Generated by org.testng.reporters.JUnitReportReporter -->
<testsuite skipped="0" hostname="ThinkPadE460" name="gridcases.RadioButtonCase" tests="4" failures="0" timestamp="23 Oct 2017 05:52:03 GMT" time="2.747" errors="0">
  <testcase name="radioDefault" time="0.373" classname="gridcases.RadioButtonCase"/>
  <testcase name="radioChoiceC" time="1.013" classname="gridcases.RadioButtonCase"/>
  <testcase name="radioChoiceB" time="0.720" classname="gridcases.RadioButtonCase"/>
  <testcase name="radioChoiceA" time="0.641" classname="gridcases.RadioButtonCase"/>
</testsuite> <!-- gridcases.RadioButtonCase -->
