<?xml version="1.0" encoding="UTF-8"?>
<!-- Generated by org.testng.reporters.JUnitReportReporter -->
<testsuite skipped="0" hostname="ThinkPadE460" name="cases.dropDownCase" tests="4" failures="0" timestamp="03 Oct 2017 12:08:30 GMT" time="2.780" errors="0">
  <testcase name="dropDownTomato" time="0.547" classname="cases.dropDownCase"/>
  <testcase name="dropDownDefault" time="0.953" classname="cases.dropDownCase"/>
  <testcase name="dropDownMustard" time="0.374" classname="cases.dropDownCase"/>
  <testcase name="dropDownOnion" time="0.906" classname="cases.dropDownCase"/>
</testsuite> <!-- cases.dropDownCase -->
