<?xml version="1.0" encoding="UTF-8"?>
<!-- Generated by org.testng.reporters.JUnitReportReporter -->
<testsuite skipped="0" hostname="ThinkPadE460" name="gridcases.DropDownCase" tests="4" failures="0" timestamp="23 Oct 2017 12:42:39 GMT" time="2.975" errors="0">
  <testcase name="dropDownTomato" time="1.832" classname="gridcases.DropDownCase"/>
  <testcase name="dropDownDefault" time="0.285" classname="gridcases.DropDownCase"/>
  <testcase name="dropDownMustard" time="0.312" classname="gridcases.DropDownCase"/>
  <testcase name="dropDownOnion" time="0.546" classname="gridcases.DropDownCase"/>
</testsuite> <!-- gridcases.DropDownCase -->
