<?xml version="1.0" encoding="UTF-8"?>
<!-- Generated by org.testng.reporters.JUnitReportReporter -->
<testsuite skipped="0" hostname="ThinkPadE460" name="cases.TextAreaCase" tests="2" failures="0" timestamp="30 Oct 2017 03:56:33 GMT" time="17.910" errors="0">
  <testcase name="textAreaWithEnter" time="10.061" classname="cases.TextAreaCase"/>
  <testcase name="textAreaLongString" time="7.849" classname="cases.TextAreaCase"/>
</testsuite> <!-- cases.TextAreaCase -->
