<?xml version="1.0" encoding="UTF-8"?>
<!-- Generated by org.testng.reporters.JUnitReportReporter -->
<testsuite skipped="0" hostname="ThinkPadE460" name="cases.TextAreaCase" tests="2" failures="0" timestamp="24 Oct 2017 01:10:31 GMT" time="9.070" errors="0">
  <testcase name="textAreaLongString" time="5.168" classname="cases.TextAreaCase"/>
  <testcase name="textAreaWithEnter" time="3.902" classname="cases.TextAreaCase"/>
</testsuite> <!-- cases.TextAreaCase -->
