<?xml version="1.0" encoding="UTF-8"?>
<!-- Generated by org.testng.reporters.JUnitReportReporter -->
<testsuite skipped="0" hostname="ThinkPadE460" name="cases.TextAreaCase" tests="2" failures="0" timestamp="04 Nov 2017 06:54:58 GMT" time="3.699" errors="0">
  <testcase name="textAreaWithEnter" time="2.278" classname="cases.TextAreaCase"/>
  <testcase name="textAreaLongString" time="1.421" classname="cases.TextAreaCase"/>
</testsuite> <!-- cases.TextAreaCase -->
