<?xml version="1.0" encoding="UTF-8"?>
<!-- Generated by org.testng.reporters.JUnitReportReporter -->
<testsuite skipped="0" hostname="ThinkPadE460" name="cases.checkBoxCase" tests="5" failures="0" timestamp="03 Oct 2017 11:56:23 GMT" time="4.637" errors="0">
  <testcase name="checkBoxNone" time="0.312" classname="cases.checkBoxCase"/>
  <testcase name="checkBoxOneThree" time="0.734" classname="cases.checkBoxCase"/>
  <testcase name="checkBoxAll" time="0.999" classname="cases.checkBoxCase"/>
  <testcase name="checkBoxOneTwo" time="0.733" classname="cases.checkBoxCase"/>
  <testcase name="checkBoxTwoThree" time="1.859" classname="cases.checkBoxCase"/>
</testsuite> <!-- cases.checkBoxCase -->
