<?xml version="1.0" encoding="UTF-8"?>
<!-- Generated by org.testng.reporters.JUnitReportReporter -->
<testsuite skipped="0" hostname="ThinkPadE460" name="cases.DropDownCase" tests="4" failures="0" timestamp="24 Oct 2017 01:10:31 GMT" time="7.186" errors="0">
  <testcase name="dropDownTomato" time="1.457" classname="cases.DropDownCase"/>
  <testcase name="dropDownOnion" time="1.328" classname="cases.DropDownCase"/>
  <testcase name="dropDownMustard" time="1.872" classname="cases.DropDownCase"/>
  <testcase name="dropDownDefault" time="2.529" classname="cases.DropDownCase"/>
</testsuite> <!-- cases.DropDownCase -->
