<?xml version="1.0" encoding="UTF-8"?>
<!-- Generated by org.testng.reporters.JUnitReportReporter -->
<testsuite skipped="12" hostname="linux-ThinkPad-E460" name="cases.RadioButtonCase" tests="39" failures="0" timestamp="29 Jul 2018 18:56:51 GMT" time="10.014" errors="3">
  <testcase name="radioChoiceA" time="0.000" classname="cases.RadioButtonCase">
    <skipped/>
  </testcase> <!-- radioChoiceA -->
  <testcase name="beforeMethod" time="0.000" classname="cases.RadioButtonCase">
    <error type="java.lang.NullPointerException">
      <![CDATA[java.lang.NullPointerException
at bricks.PapaBless.beforeMethod(PapaBless.java:337)
at sun.reflect.GeneratedMethodAccessor1.invoke(Unknown Source)
at sun.reflect.DelegatingMethodAccessorImpl.invoke(DelegatingMethodAccessorImpl.java:43)
at java.lang.reflect.Method.invoke(Method.java:498)
at org.testng.internal.MethodInvocationHelper.invokeMethod(MethodInvocationHelper.java:124)
at org.testng.internal.MethodInvocationHelper.invokeMethodConsideringTimeout(MethodInvocationHelper.java:59)
at org.testng.internal.Invoker.invokeConfigurationMethod(Invoker.java:455)
at org.testng.internal.Invoker.invokeConfigurations(Invoker.java:222)
at org.testng.internal.Invoker.invokeMethod(Invoker.java:520)
at org.testng.internal.Invoker.invokeTestMethod(Invoker.java:716)
at org.testng.internal.Invoker.invokeTestMethods(Invoker.java:988)
at org.testng.internal.TestMethodWorker.invokeTestMethods(TestMethodWorker.java:125)
at org.testng.internal.TestMethodWorker.run(TestMethodWorker.java:109)
at org.testng.TestRunner.privateRun(TestRunner.java:648)
at org.testng.TestRunner.run(TestRunner.java:505)
at org.testng.SuiteRunner.runTest(SuiteRunner.java:455)
at org.testng.SuiteRunner.runSequentially(SuiteRunner.java:450)
at org.testng.SuiteRunner.privateRun(SuiteRunner.java:415)
at org.testng.SuiteRunner.run(SuiteRunner.java:364)
at org.testng.SuiteRunnerWorker.runSuite(SuiteRunnerWorker.java:52)
at org.testng.SuiteRunnerWorker.run(SuiteRunnerWorker.java:84)
at org.testng.TestNG.runSuitesSequentially(TestNG.java:1208)
at org.testng.TestNG.runSuitesLocally(TestNG.java:1137)
at org.testng.TestNG.runSuites(TestNG.java:1049)
at org.testng.TestNG.run(TestNG.java:1017)
at GrandpaBless.main(GrandpaBless.java:81)
]]>
    </error>
  </testcase> <!-- beforeMethod -->
  <testcase name="radioChoiceA" time="0.643" classname="cases.RadioButtonCase"/>
  <testcase name="radioChoiceB" time="0.494" classname="cases.RadioButtonCase"/>
  <testcase name="radioDefault" time="0.228" classname="cases.RadioButtonCase"/>
  <testcase name="radioChoiceB" time="0.000" classname="cases.RadioButtonCase">
    <skipped/>
  </testcase> <!-- radioChoiceB -->
  <testcase name="radioChoiceA" time="0.299" classname="cases.RadioButtonCase"/>
  <testcase name="radioChoiceC" time="0.000" classname="cases.RadioButtonCase">
    <skipped/>
  </testcase> <!-- radioChoiceC -->
  <testcase name="radioChoiceA" time="0.720" classname="cases.RadioButtonCase"/>
  <testcase name="radioChoiceA" time="0.299" classname="cases.RadioButtonCase"/>
  <testcase name="radioChoiceB" time="0.815" classname="cases.RadioButtonCase"/>
  <testcase name="radioChoiceC" time="0.000" classname="cases.RadioButtonCase">
    <skipped/>
  </testcase> <!-- radioChoiceC -->
  <testcase name="radioDefault" time="0.000" classname="cases.RadioButtonCase">
    <skipped/>
  </testcase> <!-- radioDefault -->
  <testcase name="radioChoiceB" time="0.000" classname="cases.RadioButtonCase">
    <skipped/>
  </testcase> <!-- radioChoiceB -->
  <testcase name="radioChoiceB" time="0.511" classname="cases.RadioButtonCase"/>
  <testcase name="radioChoiceC" time="0.573" classname="cases.RadioButtonCase"/>
  <testcase name="beforeMethod" time="0.000" classname="cases.RadioButtonCase">
    <error type="java.lang.NullPointerException">
      <![CDATA[java.lang.NullPointerException
at bricks.PapaBless.beforeMethod(PapaBless.java:337)
at sun.reflect.GeneratedMethodAccessor1.invoke(Unknown Source)
at sun.reflect.DelegatingMethodAccessorImpl.invoke(DelegatingMethodAccessorImpl.java:43)
at java.lang.reflect.Method.invoke(Method.java:498)
at org.testng.internal.MethodInvocationHelper.invokeMethod(MethodInvocationHelper.java:124)
at org.testng.internal.MethodInvocationHelper.invokeMethodConsideringTimeout(MethodInvocationHelper.java:59)
at org.testng.internal.Invoker.invokeConfigurationMethod(Invoker.java:455)
at org.testng.internal.Invoker.invokeConfigurations(Invoker.java:222)
at org.testng.internal.Invoker.invokeMethod(Invoker.java:520)
at org.testng.internal.Invoker.invokeTestMethod(Invoker.java:716)
at org.testng.internal.Invoker.invokeTestMethods(Invoker.java:988)
at org.testng.internal.TestMethodWorker.invokeTestMethods(TestMethodWorker.java:125)
at org.testng.internal.TestMethodWorker.run(TestMethodWorker.java:109)
at org.testng.TestRunner.privateRun(TestRunner.java:648)
at org.testng.TestRunner.run(TestRunner.java:505)
at org.testng.SuiteRunner.runTest(SuiteRunner.java:455)
at org.testng.SuiteRunner.runSequentially(SuiteRunner.java:450)
at org.testng.SuiteRunner.privateRun(SuiteRunner.java:415)
at org.testng.SuiteRunner.run(SuiteRunner.java:364)
at org.testng.SuiteRunnerWorker.runSuite(SuiteRunnerWorker.java:52)
at org.testng.SuiteRunnerWorker.run(SuiteRunnerWorker.java:84)
at org.testng.TestNG.runSuitesSequentially(TestNG.java:1208)
at org.testng.TestNG.runSuitesLocally(TestNG.java:1137)
at org.testng.TestNG.runSuites(TestNG.java:1049)
at org.testng.TestNG.run(TestNG.java:1017)
at GrandpaBless.main(GrandpaBless.java:81)
]]>
    </error>
  </testcase> <!-- beforeMethod -->
  <testcase name="radioChoiceC" time="0.649" classname="cases.RadioButtonCase"/>
  <testcase name="radioChoiceB" time="0.263" classname="cases.RadioButtonCase"/>
  <testcase name="radioChoiceB" time="0.431" classname="cases.RadioButtonCase"/>
  <testcase name="radioChoiceA" time="0.475" classname="cases.RadioButtonCase"/>
  <testcase name="radioDefault" time="0.000" classname="cases.RadioButtonCase">
    <skipped/>
  </testcase> <!-- radioDefault -->
  <testcase name="radioDefault" time="0.169" classname="cases.RadioButtonCase"/>
  <testcase name="radioDefault" time="0.000" classname="cases.RadioButtonCase">
    <skipped/>
  </testcase> <!-- radioDefault -->
  <testcase name="radioChoiceB" time="0.324" classname="cases.RadioButtonCase"/>
  <testcase name="radioChoiceC" time="0.567" classname="cases.RadioButtonCase"/>
  <testcase name="radioChoiceA" time="0.000" classname="cases.RadioButtonCase">
    <skipped/>
  </testcase> <!-- radioChoiceA -->
  <testcase name="radioChoiceC" time="0.316" classname="cases.RadioButtonCase"/>
  <testcase name="radioDefault" time="0.206" classname="cases.RadioButtonCase"/>
  <testcase name="radioDefault" time="0.230" classname="cases.RadioButtonCase"/>
  <testcase name="radioChoiceC" time="0.580" classname="cases.RadioButtonCase"/>
  <testcase name="beforeClass" time="0.006" classname="cases.RadioButtonCase">
    <error type="java.lang.NullPointerException">
      <![CDATA[java.lang.NullPointerException
at bricks.PapaBless.beforeClass(PapaBless.java:329)
at sun.reflect.GeneratedMethodAccessor3.invoke(Unknown Source)
at sun.reflect.DelegatingMethodAccessorImpl.invoke(DelegatingMethodAccessorImpl.java:43)
at java.lang.reflect.Method.invoke(Method.java:498)
at org.testng.internal.MethodInvocationHelper.invokeMethod(MethodInvocationHelper.java:124)
at org.testng.internal.MethodInvocationHelper.invokeMethodConsideringTimeout(MethodInvocationHelper.java:59)
at org.testng.internal.Invoker.invokeConfigurationMethod(Invoker.java:455)
at org.testng.internal.Invoker.invokeConfigurations(Invoker.java:222)
at org.testng.internal.Invoker.invokeConfigurations(Invoker.java:142)
at org.testng.internal.TestMethodWorker.invokeBeforeClassMethods(TestMethodWorker.java:168)
at org.testng.internal.TestMethodWorker.run(TestMethodWorker.java:105)
at org.testng.TestRunner.privateRun(TestRunner.java:648)
at org.testng.TestRunner.run(TestRunner.java:505)
at org.testng.SuiteRunner.runTest(SuiteRunner.java:455)
at org.testng.SuiteRunner.runSequentially(SuiteRunner.java:450)
at org.testng.SuiteRunner.privateRun(SuiteRunner.java:415)
at org.testng.SuiteRunner.run(SuiteRunner.java:364)
at org.testng.SuiteRunnerWorker.runSuite(SuiteRunnerWorker.java:52)
at org.testng.SuiteRunnerWorker.run(SuiteRunnerWorker.java:84)
at org.testng.TestNG.runSuitesSequentially(TestNG.java:1208)
at org.testng.TestNG.runSuitesLocally(TestNG.java:1137)
at org.testng.TestNG.runSuites(TestNG.java:1049)
at org.testng.TestNG.run(TestNG.java:1017)
at GrandpaBless.main(GrandpaBless.java:81)
]]>
    </error>
  </testcase> <!-- beforeClass -->
  <testcase name="radioDefault" time="0.218" classname="cases.RadioButtonCase"/>
  <testcase name="radioChoiceC" time="0.000" classname="cases.RadioButtonCase">
    <skipped/>
  </testcase> <!-- radioChoiceC -->
  <testcase name="radioChoiceB" time="0.000" classname="cases.RadioButtonCase">
    <skipped/>
  </testcase> <!-- radioChoiceB -->
  <testcase name="radioChoiceA" time="0.000" classname="cases.RadioButtonCase">
    <skipped/>
  </testcase> <!-- radioChoiceA -->
  <testcase name="radioChoiceC" time="0.287" classname="cases.RadioButtonCase"/>
  <testcase name="radioChoiceA" time="0.531" classname="cases.RadioButtonCase"/>
  <testcase name="radioDefault" time="0.180" classname="cases.RadioButtonCase"/>
</testsuite> <!-- cases.RadioButtonCase -->
