<?xml version="1.0" encoding="UTF-8"?>
<!-- Generated by org.testng.reporters.JUnitReportReporter -->
<testsuite skipped="2" hostname="linux-ThinkPad-E460" name="cases.TextAreaCase" tests="2" failures="0" timestamp="31 Jul 2018 16:57:26 GMT" time="0.000" errors="0">
  <testcase name="textAreaWithEnter" time="0.000" classname="cases.TextAreaCase">
    <skipped/>
  </testcase> <!-- textAreaWithEnter -->
  <testcase name="textAreaLongString" time="0.000" classname="cases.TextAreaCase">
    <skipped/>
  </testcase> <!-- textAreaLongString -->
</testsuite> <!-- cases.TextAreaCase -->
