<?xml version="1.0" encoding="UTF-8"?>
<!-- Generated by org.testng.reporters.JUnitReportReporter -->
<testsuite skipped="0" hostname="ThinkPadE460" name="gridcases.RadioButtonCase" tests="4" failures="0" timestamp="23 Oct 2017 12:42:39 GMT" time="2.594" errors="0">
  <testcase name="radioChoiceA" time="1.390" classname="gridcases.RadioButtonCase"/>
  <testcase name="radioChoiceB" time="0.485" classname="gridcases.RadioButtonCase"/>
  <testcase name="radioDefault" time="0.236" classname="gridcases.RadioButtonCase"/>
  <testcase name="radioChoiceC" time="0.483" classname="gridcases.RadioButtonCase"/>
</testsuite> <!-- gridcases.RadioButtonCase -->
