<?xml version="1.0" encoding="UTF-8"?>
<!-- Generated by org.testng.reporters.JUnitReportReporter -->
<testsuite skipped="0" hostname="ThinkPadE460" name="cases.DropDownCase" tests="4" failures="0" timestamp="23 Oct 2017 13:25:08 GMT" time="3.143" errors="0">
  <testcase name="dropDownMustard" time="1.263" classname="cases.DropDownCase"/>
  <testcase name="dropDownOnion" time="0.726" classname="cases.DropDownCase"/>
  <testcase name="dropDownDefault" time="0.416" classname="cases.DropDownCase"/>
  <testcase name="dropDownTomato" time="0.738" classname="cases.DropDownCase"/>
</testsuite> <!-- cases.DropDownCase -->
