<?xml version="1.0" encoding="UTF-8"?>
<!-- Generated by org.testng.reporters.JUnitReportReporter -->
<testsuite skipped="0" hostname="linux-ThinkPad-E460" name="cases.RadioButtonCase" tests="8" failures="0" timestamp="10 Jul 2018 21:17:59 GMT" time="3.387" errors="0">
  <testcase name="radioChoiceB" time="0.375" classname="cases.RadioButtonCase"/>
  <testcase name="radioChoiceC" time="0.516" classname="cases.RadioButtonCase"/>
  <testcase name="radioChoiceA" time="0.629" classname="cases.RadioButtonCase"/>
  <testcase name="radioDefault" time="0.206" classname="cases.RadioButtonCase"/>
  <testcase name="radioChoiceC" time="0.382" classname="cases.RadioButtonCase"/>
  <testcase name="radioChoiceB" time="0.601" classname="cases.RadioButtonCase"/>
  <testcase name="radioDefault" time="0.188" classname="cases.RadioButtonCase"/>
  <testcase name="radioChoiceA" time="0.490" classname="cases.RadioButtonCase"/>
</testsuite> <!-- cases.RadioButtonCase -->
