<?xml version="1.0" encoding="UTF-8"?>
<!-- Generated by org.testng.reporters.JUnitReportReporter -->
<testsuite skipped="0" hostname="ThinkPadE460" name="cases.DropDownCase" tests="4" failures="0" timestamp="04 Nov 2017 06:54:58 GMT" time="4.341" errors="0">
  <testcase name="dropDownOnion" time="1.203" classname="cases.DropDownCase"/>
  <testcase name="dropDownDefault" time="0.687" classname="cases.DropDownCase"/>
  <testcase name="dropDownTomato" time="1.187" classname="cases.DropDownCase"/>
  <testcase name="dropDownMustard" time="1.264" classname="cases.DropDownCase"/>
</testsuite> <!-- cases.DropDownCase -->
