<?xml version="1.0" encoding="UTF-8"?>
<!-- Generated by org.testng.reporters.JUnitReportReporter -->
<testsuite skipped="0" hostname="linux-ThinkPad-E460" name="cases.RadioButtonCase" tests="8" failures="0" timestamp="13 Jul 2018 21:17:03 GMT" time="3.254" errors="0">
  <testcase name="radioChoiceC" time="0.331" classname="cases.RadioButtonCase"/>
  <testcase name="radioDefault" time="0.216" classname="cases.RadioButtonCase"/>
  <testcase name="radioChoiceA" time="0.310" classname="cases.RadioButtonCase"/>
  <testcase name="radioDefault" time="0.223" classname="cases.RadioButtonCase"/>
  <testcase name="radioChoiceB" time="0.628" classname="cases.RadioButtonCase"/>
  <testcase name="radioChoiceA" time="0.546" classname="cases.RadioButtonCase"/>
  <testcase name="radioChoiceB" time="0.315" classname="cases.RadioButtonCase"/>
  <testcase name="radioChoiceC" time="0.685" classname="cases.RadioButtonCase"/>
</testsuite> <!-- cases.RadioButtonCase -->
