<?xml version="1.0" encoding="UTF-8"?>
<!-- Generated by org.testng.reporters.JUnitReportReporter -->
<testsuite skipped="0" hostname="ThinkPadE460" name="localcases.RadioButtonCase" tests="4" failures="0" timestamp="17 Oct 2017 13:02:53 GMT" time="2.355" errors="0">
  <testcase name="radioDefault" time="0.467" classname="localcases.RadioButtonCase"/>
  <testcase name="radioChoiceB" time="0.780" classname="localcases.RadioButtonCase"/>
  <testcase name="radioChoiceA" time="0.608" classname="localcases.RadioButtonCase"/>
  <testcase name="radioChoiceC" time="0.500" classname="localcases.RadioButtonCase"/>
</testsuite> <!-- localcases.RadioButtonCase -->
