<?xml version="1.0" encoding="UTF-8"?>
<!-- Generated by org.testng.reporters.JUnitReportReporter -->
<testsuite skipped="4" hostname="linux-ThinkPad-E460" name="cases.DropDownCase" tests="4" failures="0" timestamp="31 Jul 2018 16:57:26 GMT" time="0.000" errors="0">
  <testcase name="dropDownMustard" time="0.000" classname="cases.DropDownCase">
    <skipped/>
  </testcase> <!-- dropDownMustard -->
  <testcase name="dropDownTomato" time="0.000" classname="cases.DropDownCase">
    <skipped/>
  </testcase> <!-- dropDownTomato -->
  <testcase name="dropDownDefault" time="0.000" classname="cases.DropDownCase">
    <skipped/>
  </testcase> <!-- dropDownDefault -->
  <testcase name="dropDownOnion" time="0.000" classname="cases.DropDownCase">
    <skipped/>
  </testcase> <!-- dropDownOnion -->
</testsuite> <!-- cases.DropDownCase -->
