<?xml version="1.0" encoding="UTF-8"?>
<!-- Generated by org.testng.reporters.JUnitReportReporter -->
<testsuite skipped="0" hostname="ThinkPadE460" name="cases.RadioButtonCase" tests="4" failures="0" timestamp="12 Oct 2017 13:06:55 GMT" time="2.656" errors="0">
  <testcase name="radioDefault" time="0.827" classname="cases.RadioButtonCase"/>
  <testcase name="radioChoiceA" time="0.736" classname="cases.RadioButtonCase"/>
  <testcase name="radioChoiceC" time="0.563" classname="cases.RadioButtonCase"/>
  <testcase name="radioChoiceB" time="0.530" classname="cases.RadioButtonCase"/>
</testsuite> <!-- cases.RadioButtonCase -->
