<?xml version="1.0" encoding="UTF-8"?>
<!-- Generated by org.testng.reporters.JUnitReportReporter -->
<testsuite skipped="12" hostname="linux-ThinkPad-E460" name="cases.DropDownCase" tests="36" failures="0" timestamp="29 Jul 2018 18:56:51 GMT" time="10.125" errors="0">
  <testcase name="dropDownOnion" time="0.761" classname="cases.DropDownCase"/>
  <testcase name="dropDownMustard" time="0.000" classname="cases.DropDownCase">
    <skipped/>
  </testcase> <!-- dropDownMustard -->
  <testcase name="dropDownDefault" time="0.000" classname="cases.DropDownCase">
    <skipped/>
  </testcase> <!-- dropDownDefault -->
  <testcase name="dropDownMustard" time="0.448" classname="cases.DropDownCase"/>
  <testcase name="dropDownTomato" time="0.296" classname="cases.DropDownCase"/>
  <testcase name="dropDownMustard" time="0.374" classname="cases.DropDownCase"/>
  <testcase name="dropDownOnion" time="0.564" classname="cases.DropDownCase"/>
  <testcase name="dropDownOnion" time="0.585" classname="cases.DropDownCase"/>
  <testcase name="dropDownMustard" time="0.000" classname="cases.DropDownCase">
    <skipped/>
  </testcase> <!-- dropDownMustard -->
  <testcase name="dropDownOnion" time="0.663" classname="cases.DropDownCase"/>
  <testcase name="dropDownOnion" time="0.000" classname="cases.DropDownCase">
    <skipped/>
  </testcase> <!-- dropDownOnion -->
  <testcase name="dropDownDefault" time="0.280" classname="cases.DropDownCase"/>
  <testcase name="dropDownDefault" time="0.332" classname="cases.DropDownCase"/>
  <testcase name="dropDownDefault" time="0.289" classname="cases.DropDownCase"/>
  <testcase name="dropDownMustard" time="0.268" classname="cases.DropDownCase"/>
  <testcase name="dropDownOnion" time="0.000" classname="cases.DropDownCase">
    <skipped/>
  </testcase> <!-- dropDownOnion -->
  <testcase name="dropDownDefault" time="0.000" classname="cases.DropDownCase">
    <skipped/>
  </testcase> <!-- dropDownDefault -->
  <testcase name="dropDownTomato" time="0.501" classname="cases.DropDownCase"/>
  <testcase name="dropDownDefault" time="0.377" classname="cases.DropDownCase"/>
  <testcase name="dropDownTomato" time="0.000" classname="cases.DropDownCase">
    <skipped/>
  </testcase> <!-- dropDownTomato -->
  <testcase name="dropDownMustard" time="0.322" classname="cases.DropDownCase"/>
  <testcase name="dropDownTomato" time="0.000" classname="cases.DropDownCase">
    <skipped/>
  </testcase> <!-- dropDownTomato -->
  <testcase name="dropDownTomato" time="0.000" classname="cases.DropDownCase">
    <skipped/>
  </testcase> <!-- dropDownTomato -->
  <testcase name="dropDownMustard" time="0.399" classname="cases.DropDownCase"/>
  <testcase name="dropDownMustard" time="0.349" classname="cases.DropDownCase"/>
  <testcase name="dropDownTomato" time="0.291" classname="cases.DropDownCase"/>
  <testcase name="dropDownOnion" time="0.307" classname="cases.DropDownCase"/>
  <testcase name="dropDownTomato" time="0.516" classname="cases.DropDownCase"/>
  <testcase name="dropDownOnion" time="0.000" classname="cases.DropDownCase">
    <skipped/>
  </testcase> <!-- dropDownOnion -->
  <testcase name="dropDownTomato" time="0.546" classname="cases.DropDownCase"/>
  <testcase name="dropDownDefault" time="0.409" classname="cases.DropDownCase"/>
  <testcase name="dropDownOnion" time="0.288" classname="cases.DropDownCase"/>
  <testcase name="dropDownDefault" time="0.450" classname="cases.DropDownCase"/>
  <testcase name="dropDownMustard" time="0.000" classname="cases.DropDownCase">
    <skipped/>
  </testcase> <!-- dropDownMustard -->
  <testcase name="dropDownTomato" time="0.510" classname="cases.DropDownCase"/>
  <testcase name="dropDownDefault" time="0.000" classname="cases.DropDownCase">
    <skipped/>
  </testcase> <!-- dropDownDefault -->
</testsuite> <!-- cases.DropDownCase -->
