<?xml version="1.0" encoding="UTF-8"?>
<!-- Generated by org.testng.reporters.JUnitReportReporter -->
<testsuite skipped="0" hostname="linux-ThinkPad-E460" name="cases.RadioButtonCase" tests="4" failures="0" timestamp="17 May 2018 22:25:17 GMT" time="2.762" errors="0">
  <testcase name="radioChoiceC" time="1.457" classname="cases.RadioButtonCase"/>
  <testcase name="radioChoiceA" time="0.551" classname="cases.RadioButtonCase"/>
  <testcase name="radioChoiceB" time="0.611" classname="cases.RadioButtonCase"/>
  <testcase name="radioDefault" time="0.143" classname="cases.RadioButtonCase"/>
</testsuite> <!-- cases.RadioButtonCase -->
