<?xml version="1.0" encoding="UTF-8"?>
<!-- Generated by org.testng.reporters.JUnitReportReporter -->
<testsuite skipped="0" hostname="ThinkPadE460" name="cases.RadioButtonCase" tests="4" failures="0" timestamp="30 Oct 2017 03:56:33 GMT" time="18.868" errors="0">
  <testcase name="radioChoiceB" time="4.838" classname="cases.RadioButtonCase"/>
  <testcase name="radioChoiceA" time="5.181" classname="cases.RadioButtonCase"/>
  <testcase name="radioChoiceC" time="5.041" classname="cases.RadioButtonCase"/>
  <testcase name="radioDefault" time="3.808" classname="cases.RadioButtonCase"/>
</testsuite> <!-- cases.RadioButtonCase -->
