<?xml version="1.0" encoding="UTF-8"?>
<!-- Generated by org.testng.reporters.JUnitReportReporter -->
<testsuite skipped="4" hostname="linux-ThinkPad-E460" name="cases.RadioButtonCase" tests="4" failures="0" timestamp="21 Aug 2018 20:05:26 GMT" time="0.000" errors="0">
  <testcase name="radioChoiceB" time="0.000" classname="cases.RadioButtonCase">
    <skipped/>
  </testcase> <!-- radioChoiceB -->
  <testcase name="radioChoiceA" time="0.000" classname="cases.RadioButtonCase">
    <skipped/>
  </testcase> <!-- radioChoiceA -->
  <testcase name="radioDefault" time="0.000" classname="cases.RadioButtonCase">
    <skipped/>
  </testcase> <!-- radioDefault -->
  <testcase name="radioChoiceC" time="0.000" classname="cases.RadioButtonCase">
    <skipped/>
  </testcase> <!-- radioChoiceC -->
</testsuite> <!-- cases.RadioButtonCase -->
