<?xml version="1.0" encoding="UTF-8"?>
<!-- Generated by org.testng.reporters.JUnitReportReporter -->
<testsuite skipped="0" hostname="ThinkPadE460" name="localcases.TextAreaCase" tests="2" failures="0" timestamp="17 Oct 2017 13:02:53 GMT" time="2.109" errors="0">
  <testcase name="textAreaWithEnter" time="1.249" classname="localcases.TextAreaCase"/>
  <testcase name="textAreaLongString" time="0.860" classname="localcases.TextAreaCase"/>
</testsuite> <!-- localcases.TextAreaCase -->
