<?xml version="1.0" encoding="UTF-8"?>
<!-- Generated by org.testng.reporters.JUnitReportReporter -->
<testsuite skipped="0" hostname="ThinkPadE460" name="cases.RadioButtonCase" tests="4" failures="0" timestamp="04 Nov 2017 06:54:58 GMT" time="3.138" errors="0">
  <testcase name="radioDefault" time="0.625" classname="cases.RadioButtonCase"/>
  <testcase name="radioChoiceA" time="0.843" classname="cases.RadioButtonCase"/>
  <testcase name="radioChoiceB" time="0.796" classname="cases.RadioButtonCase"/>
  <testcase name="radioChoiceC" time="0.874" classname="cases.RadioButtonCase"/>
</testsuite> <!-- cases.RadioButtonCase -->
