<?xml version="1.0" encoding="UTF-8"?>
<!-- Generated by org.testng.reporters.JUnitReportReporter -->
<testsuite skipped="0" hostname="ThinkPadE460" name="gridcases.TextAreaCase" tests="2" failures="0" timestamp="23 Oct 2017 12:42:39 GMT" time="1.938" errors="0">
  <testcase name="textAreaLongString" time="1.390" classname="gridcases.TextAreaCase"/>
  <testcase name="textAreaWithEnter" time="0.548" classname="gridcases.TextAreaCase"/>
</testsuite> <!-- gridcases.TextAreaCase -->
