<?xml version="1.0" encoding="UTF-8"?>
<!-- Generated by org.testng.reporters.JUnitReportReporter -->
<testsuite skipped="0" hostname="linux-ThinkPad-E460" name="cases.TextAreaCase" tests="4" failures="0" timestamp="13 Jul 2018 21:17:03 GMT" time="2.702" errors="0">
  <testcase name="textAreaWithEnter" time="0.513" classname="cases.TextAreaCase"/>
  <testcase name="textAreaLongString" time="0.647" classname="cases.TextAreaCase"/>
  <testcase name="textAreaWithEnter" time="0.682" classname="cases.TextAreaCase"/>
  <testcase name="textAreaLongString" time="0.860" classname="cases.TextAreaCase"/>
</testsuite> <!-- cases.TextAreaCase -->
