<?xml version="1.0" encoding="UTF-8"?>
<!-- Generated by org.testng.reporters.JUnitReportReporter -->
<testsuite skipped="0" hostname="ThinkPadE460" name="cases.textAreaCase" tests="2" failures="0" timestamp="03 Oct 2017 22:46:00 GMT" time="5.058" errors="0">
  <testcase name="textAreaLongString" time="1.031" classname="cases.textAreaCase"/>
  <testcase name="textAreaWithEnter" time="4.027" classname="cases.textAreaCase"/>
</testsuite> <!-- cases.textAreaCase -->
