<?xml version="1.0" encoding="UTF-8"?>
<!-- Generated by org.testng.reporters.JUnitReportReporter -->
<testsuite skipped="0" hostname="ThinkPadE460" name="gridcases.TextAreaCase" tests="2" failures="0" timestamp="23 Oct 2017 05:52:03 GMT" time="1.533" errors="0">
  <testcase name="textAreaLongString" time="0.537" classname="gridcases.TextAreaCase"/>
  <testcase name="textAreaWithEnter" time="0.996" classname="gridcases.TextAreaCase"/>
</testsuite> <!-- gridcases.TextAreaCase -->
