<?xml version="1.0" encoding="UTF-8"?>
<!-- Generated by org.testng.reporters.JUnitReportReporter -->
<testsuite skipped="0" hostname="linux-ThinkPad-E460" name="cases.RadioButtonCase" tests="8" failures="0" timestamp="10 Jul 2018 12:46:06 GMT" time="3.328" errors="0">
  <testcase name="radioChoiceA" time="0.335" classname="cases.RadioButtonCase"/>
  <testcase name="radioChoiceC" time="0.361" classname="cases.RadioButtonCase"/>
  <testcase name="radioChoiceB" time="0.543" classname="cases.RadioButtonCase"/>
  <testcase name="radioDefault" time="0.226" classname="cases.RadioButtonCase"/>
  <testcase name="radioChoiceC" time="0.794" classname="cases.RadioButtonCase"/>
  <testcase name="radioChoiceB" time="0.302" classname="cases.RadioButtonCase"/>
  <testcase name="radioChoiceA" time="0.525" classname="cases.RadioButtonCase"/>
  <testcase name="radioDefault" time="0.242" classname="cases.RadioButtonCase"/>
</testsuite> <!-- cases.RadioButtonCase -->
