<?xml version="1.0" encoding="UTF-8"?>
<!-- Generated by org.testng.reporters.JUnitReportReporter -->
<testsuite skipped="0" hostname="ThinkPadE460" name="cases.TextAreaCase" tests="2" failures="0" timestamp="12 Oct 2017 13:06:55 GMT" time="1.782" errors="0">
  <testcase name="textAreaLongString" time="0.516" classname="cases.TextAreaCase"/>
  <testcase name="textAreaWithEnter" time="1.266" classname="cases.TextAreaCase"/>
</testsuite> <!-- cases.TextAreaCase -->
