<?xml version="1.0" encoding="UTF-8"?>
<!-- Generated by org.testng.reporters.JUnitReportReporter -->
<testsuite skipped="0" hostname="ThinkPadE460" name="cases.textAreaCase" tests="2" failures="0" timestamp="04 Oct 2017 20:27:37 GMT" time="1.468" errors="0">
  <testcase name="textAreaLongString" time="0.796" classname="cases.textAreaCase"/>
  <testcase name="textAreaWithEnter" time="0.672" classname="cases.textAreaCase"/>
</testsuite> <!-- cases.textAreaCase -->
