<?xml version="1.0" encoding="UTF-8"?>
<!-- Generated by org.testng.reporters.JUnitReportReporter -->
<testsuite skipped="0" hostname="ThinkPadE460" name="localcases.DropDownCase" tests="4" failures="0" timestamp="17 Oct 2017 13:02:53 GMT" time="2.594" errors="0">
  <testcase name="dropDownMustard" time="0.312" classname="localcases.DropDownCase"/>
  <testcase name="dropDownOnion" time="0.564" classname="localcases.DropDownCase"/>
  <testcase name="dropDownDefault" time="1.203" classname="localcases.DropDownCase"/>
  <testcase name="dropDownTomato" time="0.515" classname="localcases.DropDownCase"/>
</testsuite> <!-- localcases.DropDownCase -->
