<?xml version="1.0" encoding="UTF-8"?>
<!-- Generated by org.testng.reporters.JUnitReportReporter -->
<testsuite skipped="6" hostname="linux-ThinkPad-E460" name="cases.TextAreaCase" tests="18" failures="0" timestamp="29 Jul 2018 18:56:51 GMT" time="8.113" errors="0">
  <testcase name="textAreaLongString" time="0.000" classname="cases.TextAreaCase">
    <skipped/>
  </testcase> <!-- textAreaLongString -->
  <testcase name="textAreaWithEnter" time="0.558" classname="cases.TextAreaCase"/>
  <testcase name="textAreaWithEnter" time="0.795" classname="cases.TextAreaCase"/>
  <testcase name="textAreaWithEnter" time="0.000" classname="cases.TextAreaCase">
    <skipped/>
  </testcase> <!-- textAreaWithEnter -->
  <testcase name="textAreaLongString" time="0.000" classname="cases.TextAreaCase">
    <skipped/>
  </testcase> <!-- textAreaLongString -->
  <testcase name="textAreaWithEnter" time="0.000" classname="cases.TextAreaCase">
    <skipped/>
  </testcase> <!-- textAreaWithEnter -->
  <testcase name="textAreaLongString" time="0.484" classname="cases.TextAreaCase"/>
  <testcase name="textAreaWithEnter" time="0.000" classname="cases.TextAreaCase">
    <skipped/>
  </testcase> <!-- textAreaWithEnter -->
  <testcase name="textAreaLongString" time="0.781" classname="cases.TextAreaCase"/>
  <testcase name="textAreaLongString" time="0.424" classname="cases.TextAreaCase"/>
  <testcase name="textAreaLongString" time="0.964" classname="cases.TextAreaCase"/>
  <testcase name="textAreaLongString" time="0.000" classname="cases.TextAreaCase">
    <skipped/>
  </testcase> <!-- textAreaLongString -->
  <testcase name="textAreaWithEnter" time="0.961" classname="cases.TextAreaCase"/>
  <testcase name="textAreaLongString" time="0.647" classname="cases.TextAreaCase"/>
  <testcase name="textAreaWithEnter" time="0.814" classname="cases.TextAreaCase"/>
  <testcase name="textAreaWithEnter" time="0.527" classname="cases.TextAreaCase"/>
  <testcase name="textAreaLongString" time="0.429" classname="cases.TextAreaCase"/>
  <testcase name="textAreaWithEnter" time="0.729" classname="cases.TextAreaCase"/>
</testsuite> <!-- cases.TextAreaCase -->
