<?xml version="1.0" encoding="UTF-8"?>
<!-- Generated by org.testng.reporters.JUnitReportReporter -->
<testsuite skipped="0" hostname="ThinkPadE460" name="cases.TextAreaCase" tests="2" failures="0" timestamp="23 Oct 2017 13:25:08 GMT" time="2.277" errors="0">
  <testcase name="textAreaLongString" time="0.623" classname="cases.TextAreaCase"/>
  <testcase name="textAreaWithEnter" time="1.654" classname="cases.TextAreaCase"/>
</testsuite> <!-- cases.TextAreaCase -->
