<?xml version="1.0" encoding="UTF-8"?>
<!-- Generated by org.testng.reporters.JUnitReportReporter -->
<testsuite skipped="0" hostname="linux-ThinkPad-E460" name="cases.TextAreaCase" tests="2" failures="0" timestamp="17 May 2018 22:25:17 GMT" time="1.448" errors="0">
  <testcase name="textAreaWithEnter" time="0.704" classname="cases.TextAreaCase"/>
  <testcase name="textAreaLongString" time="0.744" classname="cases.TextAreaCase"/>
</testsuite> <!-- cases.TextAreaCase -->
