<?xml version="1.0" encoding="UTF-8"?>
<!-- Generated by org.testng.reporters.JUnitReportReporter -->
<testsuite skipped="0" hostname="ThinkPadE460" name="env.checkIfAppIsUp" tests="1" failures="0" timestamp="04 Oct 2017 20:18:09 GMT" time="19.556" errors="0">
  <testcase name="isAppUp" time="19.556" classname="env.checkIfAppIsUp"/>
</testsuite> <!-- env.checkIfAppIsUp -->
