<?xml version="1.0" encoding="UTF-8"?>
<!-- Generated by org.testng.reporters.JUnitReportReporter -->
<testsuite skipped="0" hostname="linux-ThinkPad-E460" name="cases.DropDownCase" tests="8" failures="0" timestamp="05 Aug 2018 18:40:37 GMT" time="3.356" errors="0">
  <testcase name="dropDownOnion" time="0.774" classname="cases.DropDownCase"/>
  <testcase name="dropDownTomato" time="0.370" classname="cases.DropDownCase"/>
  <testcase name="dropDownDefault" time="0.258" classname="cases.DropDownCase"/>
  <testcase name="dropDownTomato" time="0.550" classname="cases.DropDownCase"/>
  <testcase name="dropDownOnion" time="0.299" classname="cases.DropDownCase"/>
  <testcase name="dropDownDefault" time="0.479" classname="cases.DropDownCase"/>
  <testcase name="dropDownMustard" time="0.345" classname="cases.DropDownCase"/>
  <testcase name="dropDownMustard" time="0.281" classname="cases.DropDownCase"/>
</testsuite> <!-- cases.DropDownCase -->
