<?xml version="1.0" encoding="UTF-8"?>
<!-- Generated by org.testng.reporters.JUnitReportReporter -->
<testsuite skipped="0" hostname="linux-ThinkPad-E460" name="cases.RadioButtonCase" tests="8" failures="0" timestamp="05 Aug 2018 18:40:37 GMT" time="3.095" errors="0">
  <testcase name="radioChoiceA" time="0.315" classname="cases.RadioButtonCase"/>
  <testcase name="radioChoiceB" time="0.605" classname="cases.RadioButtonCase"/>
  <testcase name="radioChoiceA" time="0.566" classname="cases.RadioButtonCase"/>
  <testcase name="radioChoiceC" time="0.517" classname="cases.RadioButtonCase"/>
  <testcase name="radioChoiceB" time="0.276" classname="cases.RadioButtonCase"/>
  <testcase name="radioDefault" time="0.228" classname="cases.RadioButtonCase"/>
  <testcase name="radioChoiceC" time="0.321" classname="cases.RadioButtonCase"/>
  <testcase name="radioDefault" time="0.267" classname="cases.RadioButtonCase"/>
</testsuite> <!-- cases.RadioButtonCase -->
