<?xml version="1.0" encoding="UTF-8"?>
<!-- Generated by org.testng.reporters.JUnitReportReporter -->
<testsuite skipped="32" hostname="linux-ThinkPad-E460" name="cases.DropDownCase" tests="56" failures="0" timestamp="04 Aug 2018 17:43:10 GMT" time="8.897" errors="0">
  <testcase name="dropDownOnion" time="0.000" classname="cases.DropDownCase">
    <skipped/>
  </testcase> <!-- dropDownOnion -->
  <testcase name="dropDownMustard" time="0.315" classname="cases.DropDownCase"/>
  <testcase name="dropDownTomato" time="0.520" classname="cases.DropDownCase"/>
  <testcase name="dropDownDefault" time="0.000" classname="cases.DropDownCase">
    <skipped/>
  </testcase> <!-- dropDownDefault -->
  <testcase name="dropDownTomato" time="0.499" classname="cases.DropDownCase"/>
  <testcase name="dropDownTomato" time="0.000" classname="cases.DropDownCase">
    <skipped/>
  </testcase> <!-- dropDownTomato -->
  <testcase name="dropDownTomato" time="0.000" classname="cases.DropDownCase">
    <skipped/>
  </testcase> <!-- dropDownTomato -->
  <testcase name="dropDownTomato" time="0.000" classname="cases.DropDownCase">
    <skipped/>
  </testcase> <!-- dropDownTomato -->
  <testcase name="dropDownOnion" time="0.314" classname="cases.DropDownCase"/>
  <testcase name="dropDownDefault" time="0.252" classname="cases.DropDownCase"/>
  <testcase name="dropDownOnion" time="0.574" classname="cases.DropDownCase"/>
  <testcase name="dropDownDefault" time="0.000" classname="cases.DropDownCase">
    <skipped/>
  </testcase> <!-- dropDownDefault -->
  <testcase name="dropDownDefault" time="0.000" classname="cases.DropDownCase">
    <skipped/>
  </testcase> <!-- dropDownDefault -->
  <testcase name="dropDownMustard" time="0.000" classname="cases.DropDownCase">
    <skipped/>
  </testcase> <!-- dropDownMustard -->
  <testcase name="dropDownOnion" time="0.579" classname="cases.DropDownCase"/>
  <testcase name="dropDownMustard" time="0.000" classname="cases.DropDownCase">
    <skipped/>
  </testcase> <!-- dropDownMustard -->
  <testcase name="dropDownTomato" time="0.000" classname="cases.DropDownCase">
    <skipped/>
  </testcase> <!-- dropDownTomato -->
  <testcase name="dropDownOnion" time="0.000" classname="cases.DropDownCase">
    <skipped/>
  </testcase> <!-- dropDownOnion -->
  <testcase name="dropDownDefault" time="0.000" classname="cases.DropDownCase">
    <skipped/>
  </testcase> <!-- dropDownDefault -->
  <testcase name="dropDownMustard" time="0.000" classname="cases.DropDownCase">
    <skipped/>
  </testcase> <!-- dropDownMustard -->
  <testcase name="dropDownOnion" time="0.488" classname="cases.DropDownCase"/>
  <testcase name="dropDownTomato" time="0.487" classname="cases.DropDownCase"/>
  <testcase name="dropDownTomato" time="0.345" classname="cases.DropDownCase"/>
  <testcase name="dropDownOnion" time="0.000" classname="cases.DropDownCase">
    <skipped/>
  </testcase> <!-- dropDownOnion -->
  <testcase name="dropDownTomato" time="0.000" classname="cases.DropDownCase">
    <skipped/>
  </testcase> <!-- dropDownTomato -->
  <testcase name="dropDownDefault" time="0.278" classname="cases.DropDownCase"/>
  <testcase name="dropDownMustard" time="0.286" classname="cases.DropDownCase"/>
  <testcase name="dropDownTomato" time="0.299" classname="cases.DropDownCase"/>
  <testcase name="dropDownDefault" time="0.000" classname="cases.DropDownCase">
    <skipped/>
  </testcase> <!-- dropDownDefault -->
  <testcase name="dropDownMustard" time="0.000" classname="cases.DropDownCase">
    <skipped/>
  </testcase> <!-- dropDownMustard -->
  <testcase name="dropDownDefault" time="0.342" classname="cases.DropDownCase"/>
  <testcase name="dropDownDefault" time="0.000" classname="cases.DropDownCase">
    <skipped/>
  </testcase> <!-- dropDownDefault -->
  <testcase name="dropDownOnion" time="0.000" classname="cases.DropDownCase">
    <skipped/>
  </testcase> <!-- dropDownOnion -->
  <testcase name="dropDownTomato" time="0.000" classname="cases.DropDownCase">
    <skipped/>
  </testcase> <!-- dropDownTomato -->
  <testcase name="dropDownOnion" time="0.300" classname="cases.DropDownCase"/>
  <testcase name="dropDownOnion" time="0.000" classname="cases.DropDownCase">
    <skipped/>
  </testcase> <!-- dropDownOnion -->
  <testcase name="dropDownDefault" time="0.254" classname="cases.DropDownCase"/>
  <testcase name="dropDownDefault" time="0.315" classname="cases.DropDownCase"/>
  <testcase name="dropDownDefault" time="0.268" classname="cases.DropDownCase"/>
  <testcase name="dropDownMustard" time="0.307" classname="cases.DropDownCase"/>
  <testcase name="dropDownTomato" time="0.000" classname="cases.DropDownCase">
    <skipped/>
  </testcase> <!-- dropDownTomato -->
  <testcase name="dropDownMustard" time="0.000" classname="cases.DropDownCase">
    <skipped/>
  </testcase> <!-- dropDownMustard -->
  <testcase name="dropDownTomato" time="0.000" classname="cases.DropDownCase">
    <skipped/>
  </testcase> <!-- dropDownTomato -->
  <testcase name="dropDownOnion" time="0.000" classname="cases.DropDownCase">
    <skipped/>
  </testcase> <!-- dropDownOnion -->
  <testcase name="dropDownMustard" time="0.000" classname="cases.DropDownCase">
    <skipped/>
  </testcase> <!-- dropDownMustard -->
  <testcase name="dropDownMustard" time="0.263" classname="cases.DropDownCase"/>
  <testcase name="dropDownMustard" time="0.000" classname="cases.DropDownCase">
    <skipped/>
  </testcase> <!-- dropDownMustard -->
  <testcase name="dropDownTomato" time="0.488" classname="cases.DropDownCase"/>
  <testcase name="dropDownMustard" time="0.000" classname="cases.DropDownCase">
    <skipped/>
  </testcase> <!-- dropDownMustard -->
  <testcase name="dropDownMustard" time="0.291" classname="cases.DropDownCase"/>
  <testcase name="dropDownDefault" time="0.000" classname="cases.DropDownCase">
    <skipped/>
  </testcase> <!-- dropDownDefault -->
  <testcase name="dropDownMustard" time="0.314" classname="cases.DropDownCase"/>
  <testcase name="dropDownOnion" time="0.000" classname="cases.DropDownCase">
    <skipped/>
  </testcase> <!-- dropDownOnion -->
  <testcase name="dropDownDefault" time="0.000" classname="cases.DropDownCase">
    <skipped/>
  </testcase> <!-- dropDownDefault -->
  <testcase name="dropDownOnion" time="0.519" classname="cases.DropDownCase"/>
  <testcase name="dropDownOnion" time="0.000" classname="cases.DropDownCase">
    <skipped/>
  </testcase> <!-- dropDownOnion -->
</testsuite> <!-- cases.DropDownCase -->
