<?xml version="1.0" encoding="UTF-8"?>
<!-- Generated by org.testng.reporters.JUnitReportReporter -->
<testsuite skipped="0" hostname="linux-ThinkPad-E460" name="cases.TextAreaCase" tests="4" failures="0" timestamp="10 Jul 2018 12:46:06 GMT" time="3.367" errors="0">
  <testcase name="textAreaWithEnter" time="0.825" classname="cases.TextAreaCase"/>
  <testcase name="textAreaLongString" time="0.550" classname="cases.TextAreaCase"/>
  <testcase name="textAreaLongString" time="1.140" classname="cases.TextAreaCase"/>
  <testcase name="textAreaWithEnter" time="0.852" classname="cases.TextAreaCase"/>
</testsuite> <!-- cases.TextAreaCase -->
