<?xml version="1.0" encoding="UTF-8"?>
<!-- Generated by org.testng.reporters.JUnitReportReporter -->
<testsuite skipped="0" hostname="ThinkPadE460" name="gridcases.DropDownCase" tests="4" failures="0" timestamp="23 Oct 2017 05:52:03 GMT" time="2.555" errors="0">
  <testcase name="dropDownMustard" time="0.884" classname="gridcases.DropDownCase"/>
  <testcase name="dropDownOnion" time="0.696" classname="gridcases.DropDownCase"/>
  <testcase name="dropDownDefault" time="0.337" classname="gridcases.DropDownCase"/>
  <testcase name="dropDownTomato" time="0.638" classname="gridcases.DropDownCase"/>
</testsuite> <!-- gridcases.DropDownCase -->
