<?xml version="1.0" encoding="UTF-8"?>
<!-- Generated by org.testng.reporters.JUnitReportReporter -->
<testsuite skipped="0" hostname="linux-ThinkPad-E460" name="cases.DropDownCase" tests="8" failures="0" timestamp="10 Jul 2018 21:17:59 GMT" time="3.073" errors="0">
  <testcase name="dropDownMustard" time="0.415" classname="cases.DropDownCase"/>
  <testcase name="dropDownTomato" time="0.330" classname="cases.DropDownCase"/>
  <testcase name="dropDownDefault" time="0.442" classname="cases.DropDownCase"/>
  <testcase name="dropDownOnion" time="0.513" classname="cases.DropDownCase"/>
  <testcase name="dropDownDefault" time="0.241" classname="cases.DropDownCase"/>
  <testcase name="dropDownTomato" time="0.554" classname="cases.DropDownCase"/>
  <testcase name="dropDownMustard" time="0.270" classname="cases.DropDownCase"/>
  <testcase name="dropDownOnion" time="0.308" classname="cases.DropDownCase"/>
</testsuite> <!-- cases.DropDownCase -->
