<?xml version="1.0" encoding="UTF-8"?>
<!-- Generated by org.testng.reporters.JUnitReportReporter -->
<testsuite skipped="6" hostname="linux-ThinkPad-E460" name="cases.TextAreaCase" tests="16" failures="0" timestamp="28 Jul 2018 23:48:03 GMT" time="6.904" errors="0">
  <testcase name="textAreaLongString" time="0.614" classname="cases.TextAreaCase"/>
  <testcase name="textAreaWithEnter" time="0.660" classname="cases.TextAreaCase"/>
  <testcase name="textAreaLongString" time="0.749" classname="cases.TextAreaCase"/>
  <testcase name="textAreaWithEnter" time="0.000" classname="cases.TextAreaCase">
    <skipped/>
  </testcase> <!-- textAreaWithEnter -->
  <testcase name="textAreaWithEnter" time="0.000" classname="cases.TextAreaCase">
    <skipped/>
  </testcase> <!-- textAreaWithEnter -->
  <testcase name="textAreaWithEnter" time="0.785" classname="cases.TextAreaCase"/>
  <testcase name="textAreaLongString" time="0.000" classname="cases.TextAreaCase">
    <skipped/>
  </testcase> <!-- textAreaLongString -->
  <testcase name="textAreaLongString" time="0.642" classname="cases.TextAreaCase"/>
  <testcase name="textAreaWithEnter" time="0.719" classname="cases.TextAreaCase"/>
  <testcase name="textAreaWithEnter" time="0.000" classname="cases.TextAreaCase">
    <skipped/>
  </testcase> <!-- textAreaWithEnter -->
  <testcase name="textAreaLongString" time="0.661" classname="cases.TextAreaCase"/>
  <testcase name="textAreaLongString" time="0.000" classname="cases.TextAreaCase">
    <skipped/>
  </testcase> <!-- textAreaLongString -->
  <testcase name="textAreaLongString" time="0.000" classname="cases.TextAreaCase">
    <skipped/>
  </testcase> <!-- textAreaLongString -->
  <testcase name="textAreaLongString" time="0.571" classname="cases.TextAreaCase"/>
  <testcase name="textAreaWithEnter" time="0.741" classname="cases.TextAreaCase"/>
  <testcase name="textAreaWithEnter" time="0.762" classname="cases.TextAreaCase"/>
</testsuite> <!-- cases.TextAreaCase -->
