<?xml version="1.0" encoding="UTF-8"?>
<!-- Generated by org.testng.reporters.JUnitReportReporter -->
<testsuite skipped="0" hostname="ThinkPadE460" name="gridcases.DropDownCase" tests="4" failures="0" timestamp="19 Oct 2017 14:04:47 GMT" time="4.262" errors="0">
  <testcase name="dropDownTomato" time="1.686" classname="gridcases.DropDownCase"/>
  <testcase name="dropDownDefault" time="0.655" classname="gridcases.DropDownCase"/>
  <testcase name="dropDownMustard" time="0.844" classname="gridcases.DropDownCase"/>
  <testcase name="dropDownOnion" time="1.077" classname="gridcases.DropDownCase"/>
</testsuite> <!-- gridcases.DropDownCase -->
