<?xml version="1.0" encoding="UTF-8"?>
<!-- Generated by org.testng.reporters.JUnitReportReporter -->
<testsuite skipped="0" hostname="linux-ThinkPad-E460" name="cases.DropDownCase" tests="4" failures="0" timestamp="25 Jul 2018 03:46:55 GMT" time="1.176" errors="0">
  <testcase name="dropDownDefault" time="0.282" classname="cases.DropDownCase"/>
  <testcase name="dropDownMustard" time="0.290" classname="cases.DropDownCase"/>
  <testcase name="dropDownOnion" time="0.302" classname="cases.DropDownCase"/>
  <testcase name="dropDownTomato" time="0.302" classname="cases.DropDownCase"/>
</testsuite> <!-- cases.DropDownCase -->
