<?xml version="1.0" encoding="UTF-8"?>
<!-- Generated by org.testng.reporters.JUnitReportReporter -->
<testsuite skipped="0" hostname="ThinkPadE460" name="cases.radioButtonCase" tests="4" failures="0" timestamp="04 Oct 2017 20:27:36 GMT" time="2.703" errors="0">
  <testcase name="radioDefault" time="0.469" classname="cases.radioButtonCase"/>
  <testcase name="radioChoiceC" time="0.766" classname="cases.radioButtonCase"/>
  <testcase name="radioChoiceB" time="0.750" classname="cases.radioButtonCase"/>
  <testcase name="radioChoiceA" time="0.718" classname="cases.radioButtonCase"/>
</testsuite> <!-- cases.radioButtonCase -->
