<?xml version="1.0" encoding="UTF-8"?>
<!-- Generated by org.testng.reporters.JUnitReportReporter -->
<testsuite skipped="0" hostname="ThinkPadE460" name="cases.DropDownCase" tests="4" failures="0" timestamp="12 Oct 2017 13:06:55 GMT" time="2.571" errors="0">
  <testcase name="dropDownTomato" time="1.250" classname="cases.DropDownCase"/>
  <testcase name="dropDownDefault" time="0.314" classname="cases.DropDownCase"/>
  <testcase name="dropDownOnion" time="0.609" classname="cases.DropDownCase"/>
  <testcase name="dropDownMustard" time="0.398" classname="cases.DropDownCase"/>
</testsuite> <!-- cases.DropDownCase -->
