<?xml version="1.0" encoding="UTF-8"?>
<!-- Generated by org.testng.reporters.JUnitReportReporter -->
<testsuite skipped="0" hostname="linux-ThinkPad-E460" name="cases.DropDownCase" tests="8" failures="0" timestamp="10 Jul 2018 12:46:06 GMT" time="4.438" errors="0">
  <testcase name="dropDownDefault" time="0.563" classname="cases.DropDownCase"/>
  <testcase name="dropDownOnion" time="0.321" classname="cases.DropDownCase"/>
  <testcase name="dropDownTomato" time="1.534" classname="cases.DropDownCase"/>
  <testcase name="dropDownMustard" time="0.294" classname="cases.DropDownCase"/>
  <testcase name="dropDownMustard" time="0.402" classname="cases.DropDownCase"/>
  <testcase name="dropDownDefault" time="0.261" classname="cases.DropDownCase"/>
  <testcase name="dropDownTomato" time="0.361" classname="cases.DropDownCase"/>
  <testcase name="dropDownOnion" time="0.702" classname="cases.DropDownCase"/>
</testsuite> <!-- cases.DropDownCase -->
