<?xml version="1.0" encoding="UTF-8"?>
<!-- Generated by org.testng.reporters.JUnitReportReporter -->
<testsuite skipped="0" hostname="ThinkPadE460" name="cases.dropDownCase" tests="4" failures="0" timestamp="04 Oct 2017 20:27:37 GMT" time="2.747" errors="0">
  <testcase name="dropDownTomato" time="0.813" classname="cases.dropDownCase"/>
  <testcase name="dropDownDefault" time="0.514" classname="cases.dropDownCase"/>
  <testcase name="dropDownOnion" time="0.813" classname="cases.dropDownCase"/>
  <testcase name="dropDownMustard" time="0.607" classname="cases.dropDownCase"/>
</testsuite> <!-- cases.dropDownCase -->
