<?xml version="1.0" encoding="UTF-8"?>
<!-- Generated by org.testng.reporters.JUnitReportReporter -->
<testsuite skipped="2" hostname="linux-ThinkPad-E460" name="cases.TextFieldCase" tests="2" failures="0" timestamp="31 Jul 2018 16:57:26 GMT" time="0.000" errors="0">
  <testcase name="intentionalFailTextField" time="0.000" classname="cases.TextFieldCase">
    <skipped/>
  </testcase> <!-- intentionalFailTextField -->
  <testcase name="testTextField" time="0.000" classname="cases.TextFieldCase">
    <skipped/>
  </testcase> <!-- testTextField -->
</testsuite> <!-- cases.TextFieldCase -->
