<?xml version="1.0" encoding="UTF-8"?>
<!-- Generated by org.testng.reporters.JUnitReportReporter -->
<testsuite skipped="0" hostname="ThinkPadE460" name="cases.RadioButtonCase" tests="4" failures="0" timestamp="24 Oct 2017 01:10:31 GMT" time="6.760" errors="0">
  <testcase name="radioChoiceA" time="1.203" classname="cases.RadioButtonCase"/>
  <testcase name="radioChoiceC" time="2.341" classname="cases.RadioButtonCase"/>
  <testcase name="radioChoiceB" time="2.499" classname="cases.RadioButtonCase"/>
  <testcase name="radioDefault" time="0.717" classname="cases.RadioButtonCase"/>
</testsuite> <!-- cases.RadioButtonCase -->
