<?xml version="1.0" encoding="UTF-8"?>
<!-- Generated by org.testng.reporters.JUnitReportReporter -->
<testsuite skipped="0" hostname="linux-ThinkPad-E460" name="cases.TextAreaCase" tests="4" failures="0" timestamp="10 Jul 2018 21:17:59 GMT" time="2.598" errors="0">
  <testcase name="textAreaLongString" time="0.543" classname="cases.TextAreaCase"/>
  <testcase name="textAreaWithEnter" time="0.719" classname="cases.TextAreaCase"/>
  <testcase name="textAreaWithEnter" time="0.715" classname="cases.TextAreaCase"/>
  <testcase name="textAreaLongString" time="0.621" classname="cases.TextAreaCase"/>
</testsuite> <!-- cases.TextAreaCase -->
