<?xml version="1.0" encoding="UTF-8"?>
<!-- Generated by org.testng.reporters.JUnitReportReporter -->
<testsuite skipped="6" hostname="linux-ThinkPad-E460" name="cases.CheckBoxCase" tests="7" failures="0" timestamp="31 Jul 2018 16:57:26 GMT" time="1.624" errors="1">
  <testcase name="beforeClass" time="1.624" classname="cases.CheckBoxCase">
    <error type="java.lang.NullPointerException">
      <![CDATA[java.lang.NullPointerException
at bricks.PapaBless.beforeClass(PapaBless.java:358)
at sun.reflect.NativeMethodAccessorImpl.invoke0(Native Method)
at sun.reflect.NativeMethodAccessorImpl.invoke(NativeMethodAccessorImpl.java:62)
at sun.reflect.DelegatingMethodAccessorImpl.invoke(DelegatingMethodAccessorImpl.java:43)
at java.lang.reflect.Method.invoke(Method.java:498)
at org.testng.internal.MethodInvocationHelper.invokeMethod(MethodInvocationHelper.java:124)
at org.testng.internal.MethodInvocationHelper.invokeMethodConsideringTimeout(MethodInvocationHelper.java:59)
at org.testng.internal.Invoker.invokeConfigurationMethod(Invoker.java:455)
at org.testng.internal.Invoker.invokeConfigurations(Invoker.java:222)
at org.testng.internal.Invoker.invokeConfigurations(Invoker.java:142)
at org.testng.internal.TestMethodWorker.invokeBeforeClassMethods(TestMethodWorker.java:168)
at org.testng.internal.TestMethodWorker.run(TestMethodWorker.java:105)
at org.testng.TestRunner.privateRun(TestRunner.java:648)
at org.testng.TestRunner.run(TestRunner.java:505)
at org.testng.SuiteRunner.runTest(SuiteRunner.java:455)
at org.testng.SuiteRunner.runSequentially(SuiteRunner.java:450)
at org.testng.SuiteRunner.privateRun(SuiteRunner.java:415)
at org.testng.SuiteRunner.run(SuiteRunner.java:364)
at org.testng.SuiteRunnerWorker.runSuite(SuiteRunnerWorker.java:52)
at org.testng.SuiteRunnerWorker.run(SuiteRunnerWorker.java:84)
at org.testng.TestNG.runSuitesSequentially(TestNG.java:1208)
at org.testng.TestNG.runSuitesLocally(TestNG.java:1137)
at org.testng.TestNG.runSuites(TestNG.java:1049)
at org.testng.TestNG.run(TestNG.java:1017)
at GrandpaBless.main(GrandpaBless.java:81)
]]>
    </error>
  </testcase> <!-- beforeClass -->
  <testcase name="checkBoxAll" time="0.000" classname="cases.CheckBoxCase">
    <skipped/>
  </testcase> <!-- checkBoxAll -->
  <testcase name="checkBoxNone" time="0.000" classname="cases.CheckBoxCase">
    <skipped/>
  </testcase> <!-- checkBoxNone -->
  <testcase name="intentionalFailcheckBox" time="0.000" classname="cases.CheckBoxCase">
    <skipped/>
  </testcase> <!-- intentionalFailcheckBox -->
  <testcase name="checkBoxTwoThree" time="0.000" classname="cases.CheckBoxCase">
    <skipped/>
  </testcase> <!-- checkBoxTwoThree -->
  <testcase name="checkBoxOneThree" time="0.000" classname="cases.CheckBoxCase">
    <skipped/>
  </testcase> <!-- checkBoxOneThree -->
  <testcase name="checkBoxOneTwo" time="0.000" classname="cases.CheckBoxCase">
    <skipped/>
  </testcase> <!-- checkBoxOneTwo -->
</testsuite> <!-- cases.CheckBoxCase -->
