<?xml version="1.0" encoding="UTF-8"?>
<!-- Generated by org.testng.reporters.JUnitReportReporter -->
<testsuite skipped="0" hostname="ThinkPadE460" name="gridcases.TextAreaCase" tests="2" failures="0" timestamp="19 Oct 2017 14:04:47 GMT" time="3.371" errors="0">
  <testcase name="textAreaLongString" time="1.576" classname="gridcases.TextAreaCase"/>
  <testcase name="textAreaWithEnter" time="1.795" classname="gridcases.TextAreaCase"/>
</testsuite> <!-- gridcases.TextAreaCase -->
