<?xml version="1.0" encoding="UTF-8"?>
<!-- Generated by org.testng.reporters.JUnitReportReporter -->
<testsuite skipped="16" hostname="linux-ThinkPad-E460" name="cases.TextAreaCase" tests="28" failures="0" timestamp="04 Aug 2018 17:43:10 GMT" time="7.319" errors="0">
  <testcase name="textAreaWithEnter" time="0.493" classname="cases.TextAreaCase"/>
  <testcase name="textAreaWithEnter" time="0.000" classname="cases.TextAreaCase">
    <skipped/>
  </testcase> <!-- textAreaWithEnter -->
  <testcase name="textAreaLongString" time="0.000" classname="cases.TextAreaCase">
    <skipped/>
  </testcase> <!-- textAreaLongString -->
  <testcase name="textAreaLongString" time="0.700" classname="cases.TextAreaCase"/>
  <testcase name="textAreaLongString" time="0.000" classname="cases.TextAreaCase">
    <skipped/>
  </testcase> <!-- textAreaLongString -->
  <testcase name="textAreaWithEnter" time="0.000" classname="cases.TextAreaCase">
    <skipped/>
  </testcase> <!-- textAreaWithEnter -->
  <testcase name="textAreaLongString" time="0.000" classname="cases.TextAreaCase">
    <skipped/>
  </testcase> <!-- textAreaLongString -->
  <testcase name="textAreaWithEnter" time="0.000" classname="cases.TextAreaCase">
    <skipped/>
  </testcase> <!-- textAreaWithEnter -->
  <testcase name="textAreaWithEnter" time="0.000" classname="cases.TextAreaCase">
    <skipped/>
  </testcase> <!-- textAreaWithEnter -->
  <testcase name="textAreaLongString" time="0.000" classname="cases.TextAreaCase">
    <skipped/>
  </testcase> <!-- textAreaLongString -->
  <testcase name="textAreaWithEnter" time="0.811" classname="cases.TextAreaCase"/>
  <testcase name="textAreaLongString" time="0.000" classname="cases.TextAreaCase">
    <skipped/>
  </testcase> <!-- textAreaLongString -->
  <testcase name="textAreaWithEnter" time="0.907" classname="cases.TextAreaCase"/>
  <testcase name="textAreaWithEnter" time="0.000" classname="cases.TextAreaCase">
    <skipped/>
  </testcase> <!-- textAreaWithEnter -->
  <testcase name="textAreaWithEnter" time="0.519" classname="cases.TextAreaCase"/>
  <testcase name="textAreaLongString" time="0.527" classname="cases.TextAreaCase"/>
  <testcase name="textAreaWithEnter" time="0.000" classname="cases.TextAreaCase">
    <skipped/>
  </testcase> <!-- textAreaWithEnter -->
  <testcase name="textAreaLongString" time="0.798" classname="cases.TextAreaCase"/>
  <testcase name="textAreaLongString" time="0.000" classname="cases.TextAreaCase">
    <skipped/>
  </testcase> <!-- textAreaLongString -->
  <testcase name="textAreaWithEnter" time="0.530" classname="cases.TextAreaCase"/>
  <testcase name="textAreaLongString" time="0.000" classname="cases.TextAreaCase">
    <skipped/>
  </testcase> <!-- textAreaLongString -->
  <testcase name="textAreaLongString" time="0.000" classname="cases.TextAreaCase">
    <skipped/>
  </testcase> <!-- textAreaLongString -->
  <testcase name="textAreaLongString" time="0.749" classname="cases.TextAreaCase"/>
  <testcase name="textAreaLongString" time="0.414" classname="cases.TextAreaCase"/>
  <testcase name="textAreaWithEnter" time="0.000" classname="cases.TextAreaCase">
    <skipped/>
  </testcase> <!-- textAreaWithEnter -->
  <testcase name="textAreaWithEnter" time="0.000" classname="cases.TextAreaCase">
    <skipped/>
  </testcase> <!-- textAreaWithEnter -->
  <testcase name="textAreaWithEnter" time="0.401" classname="cases.TextAreaCase"/>
  <testcase name="textAreaLongString" time="0.470" classname="cases.TextAreaCase"/>
</testsuite> <!-- cases.TextAreaCase -->
