<?xml version="1.0" encoding="UTF-8"?>
<!-- Generated by org.testng.reporters.JUnitReportReporter -->
<testsuite skipped="12" hostname="linux-ThinkPad-E460" name="cases.DropDownCase" tests="32" failures="0" timestamp="28 Jul 2018 23:48:03 GMT" time="8.703" errors="0">
  <testcase name="dropDownDefault" time="0.340" classname="cases.DropDownCase"/>
  <testcase name="dropDownTomato" time="0.000" classname="cases.DropDownCase">
    <skipped/>
  </testcase> <!-- dropDownTomato -->
  <testcase name="dropDownMustard" time="0.000" classname="cases.DropDownCase">
    <skipped/>
  </testcase> <!-- dropDownMustard -->
  <testcase name="dropDownOnion" time="0.000" classname="cases.DropDownCase">
    <skipped/>
  </testcase> <!-- dropDownOnion -->
  <testcase name="dropDownOnion" time="0.594" classname="cases.DropDownCase"/>
  <testcase name="dropDownMustard" time="0.280" classname="cases.DropDownCase"/>
  <testcase name="dropDownMustard" time="0.468" classname="cases.DropDownCase"/>
  <testcase name="dropDownDefault" time="0.000" classname="cases.DropDownCase">
    <skipped/>
  </testcase> <!-- dropDownDefault -->
  <testcase name="dropDownOnion" time="0.573" classname="cases.DropDownCase"/>
  <testcase name="dropDownDefault" time="0.000" classname="cases.DropDownCase">
    <skipped/>
  </testcase> <!-- dropDownDefault -->
  <testcase name="dropDownOnion" time="0.000" classname="cases.DropDownCase">
    <skipped/>
  </testcase> <!-- dropDownOnion -->
  <testcase name="dropDownTomato" time="0.552" classname="cases.DropDownCase"/>
  <testcase name="dropDownDefault" time="0.265" classname="cases.DropDownCase"/>
  <testcase name="dropDownDefault" time="0.000" classname="cases.DropDownCase">
    <skipped/>
  </testcase> <!-- dropDownDefault -->
  <testcase name="dropDownOnion" time="0.653" classname="cases.DropDownCase"/>
  <testcase name="dropDownTomato" time="0.000" classname="cases.DropDownCase">
    <skipped/>
  </testcase> <!-- dropDownTomato -->
  <testcase name="dropDownOnion" time="0.309" classname="cases.DropDownCase"/>
  <testcase name="dropDownTomato" time="0.285" classname="cases.DropDownCase"/>
  <testcase name="dropDownMustard" time="0.000" classname="cases.DropDownCase">
    <skipped/>
  </testcase> <!-- dropDownMustard -->
  <testcase name="dropDownTomato" time="0.312" classname="cases.DropDownCase"/>
  <testcase name="dropDownOnion" time="0.299" classname="cases.DropDownCase"/>
  <testcase name="dropDownMustard" time="0.417" classname="cases.DropDownCase"/>
  <testcase name="dropDownTomato" time="0.600" classname="cases.DropDownCase"/>
  <testcase name="dropDownTomato" time="0.590" classname="cases.DropDownCase"/>
  <testcase name="dropDownDefault" time="0.237" classname="cases.DropDownCase"/>
  <testcase name="dropDownDefault" time="0.352" classname="cases.DropDownCase"/>
  <testcase name="dropDownMustard" time="0.655" classname="cases.DropDownCase"/>
  <testcase name="dropDownMustard" time="0.318" classname="cases.DropDownCase"/>
  <testcase name="dropDownDefault" time="0.604" classname="cases.DropDownCase"/>
  <testcase name="dropDownOnion" time="0.000" classname="cases.DropDownCase">
    <skipped/>
  </testcase> <!-- dropDownOnion -->
  <testcase name="dropDownMustard" time="0.000" classname="cases.DropDownCase">
    <skipped/>
  </testcase> <!-- dropDownMustard -->
  <testcase name="dropDownTomato" time="0.000" classname="cases.DropDownCase">
    <skipped/>
  </testcase> <!-- dropDownTomato -->
</testsuite> <!-- cases.DropDownCase -->
