<?xml version="1.0" encoding="UTF-8"?>
<!-- Generated by org.testng.reporters.JUnitReportReporter -->
<testsuite skipped="0" hostname="ThinkPadE460" name="gridcases.RadioButtonCase" tests="4" failures="0" timestamp="19 Oct 2017 14:04:47 GMT" time="3.982" errors="0">
  <testcase name="radioDefault" time="0.547" classname="gridcases.RadioButtonCase"/>
  <testcase name="radioChoiceB" time="1.623" classname="gridcases.RadioButtonCase"/>
  <testcase name="radioChoiceA" time="0.923" classname="gridcases.RadioButtonCase"/>
  <testcase name="radioChoiceC" time="0.889" classname="gridcases.RadioButtonCase"/>
</testsuite> <!-- gridcases.RadioButtonCase -->
