<?xml version="1.0" encoding="UTF-8"?>
<!-- Generated by org.testng.reporters.JUnitReportReporter -->
<testsuite skipped="0" hostname="ThinkPadE460" name="cases.DropDownCase" tests="4" failures="0" timestamp="30 Oct 2017 03:56:33 GMT" time="17.730" errors="0">
  <testcase name="dropDownTomato" time="4.573" classname="cases.DropDownCase"/>
  <testcase name="dropDownMustard" time="4.355" classname="cases.DropDownCase"/>
  <testcase name="dropDownOnion" time="4.915" classname="cases.DropDownCase"/>
  <testcase name="dropDownDefault" time="3.887" classname="cases.DropDownCase"/>
</testsuite> <!-- cases.DropDownCase -->
