<?xml version="1.0" encoding="UTF-8"?>
<!-- Generated by org.testng.reporters.JUnitReportReporter -->
<testsuite skipped="0" hostname="linux-ThinkPad-E460" name="cases.RadioButtonCase" tests="4" failures="0" timestamp="25 Jul 2018 03:46:55 GMT" time="1.105" errors="0">
  <testcase name="radioChoiceA" time="0.313" classname="cases.RadioButtonCase"/>
  <testcase name="radioDefault" time="0.210" classname="cases.RadioButtonCase"/>
  <testcase name="radioChoiceC" time="0.276" classname="cases.RadioButtonCase"/>
  <testcase name="radioChoiceB" time="0.306" classname="cases.RadioButtonCase"/>
</testsuite> <!-- cases.RadioButtonCase -->
